<?xml version="1.0" encoding="UTF-8"?>
<!-- Generated by org.testng.reporters.JUnitReportReporter -->
<testsuite hostname="DESKTOP-J30HA1J" failures="0" tests="1" name="api.tests.TC01" time="11.589" errors="0" timestamp="2024-04-23T07:40:23 IST" skipped="0">
  <testcase classname="api.tests.TC01" name="verifyGetResponse1" time="11.589"/>
</testsuite> <!-- api.tests.TC01 -->
