<?xml version="1.0" encoding="UTF-8"?>
<!-- Generated by org.testng.reporters.JUnitReportReporter -->
<testsuite hostname="DESKTOP-J30HA1J" failures="0" tests="1" name="api.tests.TC02" time="0.928" errors="0" timestamp="2024-04-23T07:40:23 IST" skipped="0">
  <testcase classname="api.tests.TC02" name="verifyGetResponse2" time="0.928"/>
</testsuite> <!-- api.tests.TC02 -->
